<?xml version="1.0" encoding="UTF-8"?>
<!-- Generated by org.testng.reporters.JUnitReportReporter -->
<testsuite hostname="INBook_X1_Pro" failures="0" tests="3" name="ui.test.LoginTest" time="38.058" errors="0" timestamp="2025-04-04T00:31:16 IST" skipped="0">
  <testcase classname="ui.test.LoginTest" name="verifyLoginSignUpButton" time="7.160"/>
  <testcase classname="ui.test.LoginTest" name="loginWithMobileNo" time="17.840"/>
  <testcase classname="ui.test.LoginTest" name="ClickOnSignUpButton" time="13.058"/>
</testsuite> <!-- ui.test.LoginTest -->
