<?xml version="1.0" encoding="UTF-8"?>
<!-- Generated by org.testng.reporters.JUnitReportReporter -->
<testsuite hostname="INBook_X1_Pro" failures="0" tests="1" name="ui.test.LoginTest" time="3.148" errors="0" timestamp="2025-03-27T10:21:52 IST" skipped="0">
  <testcase classname="ui.test.LoginTest" name="verifyLoginSignUpButton" time="3.148"/>
</testsuite> <!-- ui.test.LoginTest -->
