<?xml version="1.0" encoding="UTF-8"?>
<!-- Generated by org.testng.reporters.JUnitReportReporter -->
<testsuite hostname="INBook_X1_Pro" failures="0" tests="2" name="ui.test.HomePageTest" time="17.733" errors="0" timestamp="2025-04-03T19:20:47 IST" skipped="0">
  <testcase classname="ui.test.HomePageTest" name="verifyHomePageUrl" time="8.527"/>
  <testcase classname="ui.test.HomePageTest" name="verifyHomePage" time="9.206"/>
</testsuite> <!-- ui.test.HomePageTest -->
