<?xml version="1.0" encoding="UTF-8"?>
<!-- Generated by org.testng.reporters.JUnitReportReporter -->
<testsuite hostname="INBook_X1_Pro" failures="0" tests="2" name="ui.test.HomePageTest" time="32.105" errors="0" timestamp="2025-03-27T17:57:28 IST" skipped="0">
  <testcase classname="ui.test.HomePageTest" name="verifyHomePage" time="19.197"/>
  <testcase classname="ui.test.HomePageTest" name="verifyHomePageUrl" time="12.908"/>
</testsuite> <!-- ui.test.HomePageTest -->
