<?xml version="1.0" encoding="UTF-8"?>
<!-- Generated by org.testng.reporters.JUnitReportReporter -->
<testsuite hostname="INBook_X1_Pro" failures="0" tests="2" name="ui.test.HomePageTest" time="27.072" errors="0" timestamp="2025-03-25T17:57:10 IST" skipped="0">
  <testcase classname="ui.test.HomePageTest" name="verifyHomePage" time="13.294"/>
  <testcase classname="ui.test.HomePageTest" name="verifyHomePageUrl" time="13.778"/>
</testsuite> <!-- ui.test.HomePageTest -->
