<?xml version="1.0" encoding="UTF-8"?>
<!-- Generated by org.testng.reporters.JUnitReportReporter -->
<testsuite hostname="INBook_X1_Pro" failures="0" tests="2" name="ui.test.HomePageTest" time="32.359" errors="0" timestamp="2025-03-27T10:21:52 IST" skipped="0">
  <testcase classname="ui.test.HomePageTest" name="verifyHomePage" time="17.824"/>
  <testcase classname="ui.test.HomePageTest" name="verifyHomePageUrl" time="14.535"/>
</testsuite> <!-- ui.test.HomePageTest -->
