<?xml version="1.0" encoding="UTF-8"?>
<!-- Generated by org.testng.reporters.JUnitReportReporter -->
<testsuite hostname="INBook_X1_Pro" failures="0" tests="2" name="ui.test.LoginTest" time="27.036" errors="0" timestamp="2025-03-27T17:57:28 IST" skipped="0">
  <testcase classname="ui.test.LoginTest" name="verifyLoginSignUpButton" time="14.835"/>
  <testcase classname="ui.test.LoginTest" name="ClickOnSignUpButton" time="12.201"/>
</testsuite> <!-- ui.test.LoginTest -->
